\BOOKMARK [1][-]{section.1}{\376\377\0001\000\040\000T\000e\000l\000e\000g\000r\000a\000p\000h\000:\000:\000d\000e\000c\000o\000d\000e}{}% 1
\BOOKMARK [1][-]{section.2}{\376\377\0002\000\040\000T\000e\000l\000e\000g\000r\000a\000p\000h\000:\000e\000n\000c\000o\000d\000e}{}% 2
\BOOKMARK [1][-]{section.3}{\376\377\0003\000\040\000M\000o\000r\000s\000e\000C\000o\000d\000e}{}% 3
\BOOKMARK [1][-]{section.4}{\376\377\0004\000\040\000T\000N\000O\000D\000E}{}% 4
\BOOKMARK [1][-]{section.5}{\376\377\0005\000\040\000C\000l\000a\000s\000s\000:\000\040\000T\000e\000l\000e\000g\000r\000a\000p\000h}{}% 5
\BOOKMARK [1][-]{section.6}{\376\377\0006\000\040\000T\000e\000l\000e\000g\000r\000a\000p\000h\000:\000:\000o\000p\000e\000n\000\050\000\051}{}% 6
\BOOKMARK [1][-]{section.7}{\376\377\0007\000\040\000T\000e\000l\000e\000g\000r\000a\000p\000h\000:\000:\000D\000e\000s\000t\000r\000o\000y\000T\000r\000e\000e\000/\000T\000e\000l\000e\000g\000r\000a\000p\000h\000:\000:\000c\000l\000o\000s\000e\000\050\000\051}{}% 7
\BOOKMARK [1][-]{section.8}{\376\377\0008\000\040\000S\000p\000e\000c\000i\000f\000i\000c\000a\000t\000i\000o\000n}{}% 8
\BOOKMARK [1][-]{section.9}{\376\377\0009\000\040\000A\000n\000a\000l\000y\000s\000i\000s}{}% 9
\BOOKMARK [1][-]{section.10}{\376\377\0001\0000\000\040\000D\000e\000s\000i\000g\000n}{}% 10
\BOOKMARK [1][-]{section.11}{\376\377\0001\0001\000\040\000T\000e\000s\000t\000:\000\040\000M\000o\000r\000s\000e\000\040\0001}{}% 11
\BOOKMARK [1][-]{section.12}{\376\377\0001\0002\000\040\000T\000e\000s\000t\000:\000\040\000M\000o\000r\000s\000e\000\040\0002}{}% 12
\BOOKMARK [1][-]{section.13}{\376\377\0001\0003\000\040\000T\000e\000s\000t\000:\000\040\000M\000o\000r\000s\000e\000\040\000V\000e\000r\000i\000f\000i\000e\000d}{}% 13
\BOOKMARK [1][-]{section.14}{\376\377\0001\0004\000\040\000T\000e\000s\000t\000:\000\040\000E\000n\000g\000l\000i\000s\000h\000\040\0001}{}% 14
\BOOKMARK [1][-]{section.15}{\376\377\0001\0005\000\040\000T\000e\000s\000t\000:\000\040\000E\000n\000g\000l\000i\000s\000h\000\040\0002}{}% 15
\BOOKMARK [1][-]{section.16}{\376\377\0001\0006\000\040\000T\000e\000s\000t\000:\000\040\000E\000n\000g\000l\000i\000s\000h\000\040\000V\000e\000r\000i\000f\000i\000e\000d}{}% 16
\BOOKMARK [1][-]{section.17}{\376\377\0001\0007\000\040\000M\000o\000r\000s\000e\000\040\000B\000i\000n\000a\000r\000y\000\040\000T\000r\000e\000e}{}% 17
\BOOKMARK [1][-]{section.18}{\376\377\0001\0008\000\040\000H\000T\000M\000L}{}% 18
\BOOKMARK [1][-]{section.19}{\376\377\0001\0009\000\040\000C\000l\000a\000s\000s\000\040\000I\000n\000d\000e\000x}{}% 19
\BOOKMARK [2][-]{subsection.19.1}{\376\377\0001\0009\000.\0001\000\040\000C\000l\000a\000s\000s\000\040\000L\000i\000s\000t}{section.19}% 20
\BOOKMARK [1][-]{section.20}{\376\377\0002\0000\000\040\000F\000i\000l\000e\000\040\000I\000n\000d\000e\000x}{}% 21
\BOOKMARK [2][-]{subsection.20.1}{\376\377\0002\0000\000.\0001\000\040\000F\000i\000l\000e\000\040\000L\000i\000s\000t}{section.20}% 22
\BOOKMARK [1][-]{section.21}{\376\377\0002\0001\000\040\000C\000l\000a\000s\000s\000\040\000D\000o\000c\000u\000m\000e\000n\000t\000a\000t\000i\000o\000n}{}% 23
\BOOKMARK [2][-]{subsection.21.1}{\376\377\0002\0001\000.\0001\000\040\000M\000o\000r\000s\000e\000C\000o\000d\000e\000\040\000S\000t\000r\000u\000c\000t\000\040\000R\000e\000f\000e\000r\000e\000n\000c\000e}{section.21}% 24
\BOOKMARK [3][-]{subsubsection.21.1.1}{\376\377\0002\0001\000.\0001\000.\0001\000\040\000M\000e\000m\000b\000e\000r\000\040\000E\000n\000u\000m\000e\000r\000a\000t\000i\000o\000n\000\040\000D\000o\000c\000u\000m\000e\000n\000t\000a\000t\000i\000o\000n}{subsection.21.1}% 25
\BOOKMARK [3][-]{subsubsection.21.1.2}{\376\377\0002\0001\000.\0001\000.\0002\000\040\000M\000e\000m\000b\000e\000r\000\040\000D\000a\000t\000a\000\040\000D\000o\000c\000u\000m\000e\000n\000t\000a\000t\000i\000o\000n}{subsection.21.1}% 26
\BOOKMARK [2][-]{subsection.21.2}{\376\377\0002\0001\000.\0002\000\040\000T\000e\000l\000e\000g\000r\000a\000p\000h\000\040\000C\000l\000a\000s\000s\000\040\000R\000e\000f\000e\000r\000e\000n\000c\000e}{section.21}% 27
\BOOKMARK [3][-]{subsubsection.21.2.1}{\376\377\0002\0001\000.\0002\000.\0001\000\040\000M\000e\000m\000b\000e\000r\000\040\000F\000u\000n\000c\000t\000i\000o\000n\000\040\000D\000o\000c\000u\000m\000e\000n\000t\000a\000t\000i\000o\000n}{subsection.21.2}% 28
\BOOKMARK [2][-]{subsection.21.3}{\376\377\0002\0001\000.\0003\000\040\000T\000N\000O\000D\000E\000\040\000S\000t\000r\000u\000c\000t\000\040\000R\000e\000f\000e\000r\000e\000n\000c\000e}{section.21}% 29
\BOOKMARK [3][-]{subsubsection.21.3.1}{\376\377\0002\0001\000.\0003\000.\0001\000\040\000C\000o\000n\000s\000t\000r\000u\000c\000t\000o\000r\000\040\000\046\000\040\000D\000e\000s\000t\000r\000u\000c\000t\000o\000r\000\040\000D\000o\000c\000u\000m\000e\000n\000t\000a\000t\000i\000o\000n}{subsection.21.3}% 30
\BOOKMARK [3][-]{subsubsection.21.3.2}{\376\377\0002\0001\000.\0003\000.\0002\000\040\000M\000e\000m\000b\000e\000r\000\040\000D\000a\000t\000a\000\040\000D\000o\000c\000u\000m\000e\000n\000t\000a\000t\000i\000o\000n}{subsection.21.3}% 31
\BOOKMARK [1][-]{section.22}{\376\377\0002\0002\000\040\000F\000i\000l\000e\000\040\000D\000o\000c\000u\000m\000e\000n\000t\000a\000t\000i\000o\000n}{}% 32
\BOOKMARK [2][-]{subsection.22.1}{\376\377\0002\0002\000.\0001\000\040\000d\000e\000c\000o\000d\000e\000.\000c\000p\000p\000\040\000F\000i\000l\000e\000\040\000R\000e\000f\000e\000r\000e\000n\000c\000e}{section.22}% 33
\BOOKMARK [2][-]{subsection.22.2}{\376\377\0002\0002\000.\0002\000\040\000e\000n\000c\000o\000d\000e\000.\000c\000p\000p\000\040\000F\000i\000l\000e\000\040\000R\000e\000f\000e\000r\000e\000n\000c\000e}{section.22}% 34
\BOOKMARK [2][-]{subsection.22.3}{\376\377\0002\0002\000.\0003\000\040\000l\000a\000b\000.\000h\000\040\000F\000i\000l\000e\000\040\000R\000e\000f\000e\000r\000e\000n\000c\000e}{section.22}% 35
\BOOKMARK [2][-]{subsection.22.4}{\376\377\0002\0002\000.\0004\000\040\000m\000a\000i\000n\000.\000c\000p\000p\000\040\000F\000i\000l\000e\000\040\000R\000e\000f\000e\000r\000e\000n\000c\000e}{section.22}% 36
\BOOKMARK [3][-]{subsubsection.22.4.1}{\376\377\0002\0002\000.\0004\000.\0001\000\040\000F\000u\000n\000c\000t\000i\000o\000n\000\040\000D\000o\000c\000u\000m\000e\000n\000t\000a\000t\000i\000o\000n}{subsection.22.4}% 37
\BOOKMARK [2][-]{subsection.22.5}{\376\377\0002\0002\000.\0005\000\040\000m\000o\000r\000s\000e\000.\000c\000p\000p\000\040\000F\000i\000l\000e\000\040\000R\000e\000f\000e\000r\000e\000n\000c\000e}{section.22}% 38
\BOOKMARK [2][-]{subsection.22.6}{\376\377\0002\0002\000.\0006\000\040\000m\000o\000r\000s\000e\000.\000d\000o\000x\000\040\000F\000i\000l\000e\000\040\000R\000e\000f\000e\000r\000e\000n\000c\000e}{section.22}% 39
\BOOKMARK [1][-]{section*.1}{\376\377\000I\000n\000d\000e\000x}{}% 40
