\BOOKMARK [1][-]{section.1}{\376\377\0001\000\040\000S\000p\000e\000c\000i\000f\000i\000c\000a\000t\000i\000o\000n}{}% 1
\BOOKMARK [1][-]{section.2}{\376\377\0002\000\040\000A\000n\000a\000l\000y\000s\000i\000s}{}% 2
\BOOKMARK [1][-]{section.3}{\376\377\0003\000\040\000D\000e\000s\000i\000g\000n}{}% 3
\BOOKMARK [1][-]{section.4}{\376\377\0004\000\040\000T\000e\000s\000t}{}% 4
\BOOKMARK [1][-]{section.5}{\376\377\0005\000\040\000C\000l\000a\000s\000s\000\040\000I\000n\000d\000e\000x}{}% 5
\BOOKMARK [2][-]{subsection.5.1}{\376\377\0005\000.\0001\000\040\000C\000l\000a\000s\000s\000\040\000L\000i\000s\000t}{section.5}% 6
\BOOKMARK [1][-]{section.6}{\376\377\0006\000\040\000F\000i\000l\000e\000\040\000I\000n\000d\000e\000x}{}% 7
\BOOKMARK [2][-]{subsection.6.1}{\376\377\0006\000.\0001\000\040\000F\000i\000l\000e\000\040\000L\000i\000s\000t}{section.6}% 8
\BOOKMARK [1][-]{section.7}{\376\377\0007\000\040\000C\000l\000a\000s\000s\000\040\000D\000o\000c\000u\000m\000e\000n\000t\000a\000t\000i\000o\000n}{}% 9
\BOOKMARK [2][-]{subsection.7.1}{\376\377\0007\000.\0001\000\040\000E\000n\000t\000r\000y\000\040\000S\000t\000r\000u\000c\000t\000\040\000R\000e\000f\000e\000r\000e\000n\000c\000e}{section.7}% 10
\BOOKMARK [3][-]{subsubsection.7.1.1}{\376\377\0007\000.\0001\000.\0001\000\040\000M\000e\000m\000b\000e\000r\000\040\000D\000a\000t\000a\000\040\000D\000o\000c\000u\000m\000e\000n\000t\000a\000t\000i\000o\000n}{subsection.7.1}% 11
\BOOKMARK [1][-]{section.8}{\376\377\0008\000\040\000F\000i\000l\000e\000\040\000D\000o\000c\000u\000m\000e\000n\000t\000a\000t\000i\000o\000n}{}% 12
\BOOKMARK [2][-]{subsection.8.1}{\376\377\0008\000.\0001\000\040\000a\000d\000d\000W\000o\000r\000d\000s\000.\000c\000p\000p\000\040\000F\000i\000l\000e\000\040\000R\000e\000f\000e\000r\000e\000n\000c\000e}{section.8}% 13
\BOOKMARK [3][-]{subsubsection.8.1.1}{\376\377\0008\000.\0001\000.\0001\000\040\000F\000u\000n\000c\000t\000i\000o\000n\000\040\000D\000o\000c\000u\000m\000e\000n\000t\000a\000t\000i\000o\000n}{subsection.8.1}% 14
\BOOKMARK [2][-]{subsection.8.2}{\376\377\0008\000.\0002\000\040\000f\000o\000u\000n\000d\000W\000o\000r\000d\000.\000c\000p\000p\000\040\000F\000i\000l\000e\000\040\000R\000e\000f\000e\000r\000e\000n\000c\000e}{section.8}% 15
\BOOKMARK [3][-]{subsubsection.8.2.1}{\376\377\0008\000.\0002\000.\0001\000\040\000F\000u\000n\000c\000t\000i\000o\000n\000\040\000D\000o\000c\000u\000m\000e\000n\000t\000a\000t\000i\000o\000n}{subsection.8.2}% 16
\BOOKMARK [2][-]{subsection.8.3}{\376\377\0008\000.\0003\000\040\000l\000a\000b\000.\000c\000p\000p\000\040\000F\000i\000l\000e\000\040\000R\000e\000f\000e\000r\000e\000n\000c\000e}{section.8}% 17
\BOOKMARK [3][-]{subsubsection.8.3.1}{\376\377\0008\000.\0003\000.\0001\000\040\000F\000u\000n\000c\000t\000i\000o\000n\000\040\000D\000o\000c\000u\000m\000e\000n\000t\000a\000t\000i\000o\000n}{subsection.8.3}% 18
\BOOKMARK [2][-]{subsection.8.4}{\376\377\0008\000.\0004\000\040\000l\000a\000b\000.\000h\000\040\000F\000i\000l\000e\000\040\000R\000e\000f\000e\000r\000e\000n\000c\000e}{section.8}% 19
\BOOKMARK [3][-]{subsubsection.8.4.1}{\376\377\0008\000.\0004\000.\0001\000\040\000F\000u\000n\000c\000t\000i\000o\000n\000\040\000D\000o\000c\000u\000m\000e\000n\000t\000a\000t\000i\000o\000n}{subsection.8.4}% 20
\BOOKMARK [2][-]{subsection.8.5}{\376\377\0008\000.\0005\000\040\000l\000o\000a\000d\000D\000i\000c\000t\000i\000o\000n\000a\000r\000y\000.\000c\000p\000p\000\040\000F\000i\000l\000e\000\040\000R\000e\000f\000e\000r\000e\000n\000c\000e}{section.8}% 21
\BOOKMARK [3][-]{subsubsection.8.5.1}{\376\377\0008\000.\0005\000.\0001\000\040\000F\000u\000n\000c\000t\000i\000o\000n\000\040\000D\000o\000c\000u\000m\000e\000n\000t\000a\000t\000i\000o\000n}{subsection.8.5}% 22
\BOOKMARK [2][-]{subsection.8.6}{\376\377\0008\000.\0006\000\040\000m\000a\000i\000n\000.\000c\000p\000p\000\040\000F\000i\000l\000e\000\040\000R\000e\000f\000e\000r\000e\000n\000c\000e}{section.8}% 23
\BOOKMARK [3][-]{subsubsection.8.6.1}{\376\377\0008\000.\0006\000.\0001\000\040\000F\000u\000n\000c\000t\000i\000o\000n\000\040\000D\000o\000c\000u\000m\000e\000n\000t\000a\000t\000i\000o\000n}{subsection.8.6}% 24
\BOOKMARK [2][-]{subsection.8.7}{\376\377\0008\000.\0007\000\040\000s\000p\000e\000c\000i\000f\000i\000c\000a\000t\000i\000o\000n\000.\000d\000o\000x\000\040\000F\000i\000l\000e\000\040\000R\000e\000f\000e\000r\000e\000n\000c\000e}{section.8}% 25
\BOOKMARK [1][-]{section*.10}{\376\377\000I\000n\000d\000e\000x}{}% 26
