\BOOKMARK [1][-]{section.1}{\376\377\0001\000\040\000r\000e\000a\000d\000D\000a\000t\000a}{}% 1
\BOOKMARK [1][-]{section.2}{\376\377\0002\000\040\000c\000o\000u\000n\000t\000R\000o\000w\000s}{}% 2
\BOOKMARK [1][-]{section.3}{\376\377\0003\000\040\000o\000v\000e\000r\000l\000o\000a\000d\000i\000n\000g}{}% 3
\BOOKMARK [1][-]{section.4}{\376\377\0004\000\040\000a\000d\000d\000t\000i\000m\000e\000s}{}% 4
\BOOKMARK [1][-]{section.5}{\376\377\0005\000\040\000r\000e\000a\000d\000t\000i\000m\000e\000s}{}% 5
\BOOKMARK [1][-]{section.6}{\376\377\0006\000\040\000S\000p\000e\000c\000i\000f\000i\000c\000a\000t\000i\000o\000n}{}% 6
\BOOKMARK [1][-]{section.7}{\376\377\0007\000\040\000A\000n\000a\000l\000y\000s\000i\000s}{}% 7
\BOOKMARK [1][-]{section.8}{\376\377\0008\000\040\000D\000e\000s\000i\000g\000n}{}% 8
\BOOKMARK [1][-]{section.9}{\376\377\0009\000\040\000T\000e\000s\000t}{}% 9
\BOOKMARK [1][-]{section.10}{\376\377\0001\0000\000\040\000C\000l\000a\000s\000s\000\040\000I\000n\000d\000e\000x}{}% 10
\BOOKMARK [2][-]{subsection.10.1}{\376\377\0001\0000\000.\0001\000\040\000C\000l\000a\000s\000s\000\040\000L\000i\000s\000t}{section.10}% 11
\BOOKMARK [1][-]{section.11}{\376\377\0001\0001\000\040\000F\000i\000l\000e\000\040\000I\000n\000d\000e\000x}{}% 12
\BOOKMARK [2][-]{subsection.11.1}{\376\377\0001\0001\000.\0001\000\040\000F\000i\000l\000e\000\040\000L\000i\000s\000t}{section.11}% 13
\BOOKMARK [1][-]{section.12}{\376\377\0001\0002\000\040\000C\000l\000a\000s\000s\000\040\000D\000o\000c\000u\000m\000e\000n\000t\000a\000t\000i\000o\000n}{}% 14
\BOOKMARK [2][-]{subsection.12.1}{\376\377\0001\0002\000.\0001\000\040\000A\000Q\000I\000D\000a\000t\000a\000\040\000S\000t\000r\000u\000c\000t\000\040\000R\000e\000f\000e\000r\000e\000n\000c\000e}{section.12}% 15
\BOOKMARK [3][-]{subsubsection.12.1.1}{\376\377\0001\0002\000.\0001\000.\0001\000\040\000M\000e\000m\000b\000e\000r\000\040\000D\000a\000t\000a\000\040\000D\000o\000c\000u\000m\000e\000n\000t\000a\000t\000i\000o\000n}{subsection.12.1}% 16
\BOOKMARK [2][-]{subsection.12.2}{\376\377\0001\0002\000.\0002\000\040\000M\000E\000R\000G\000E\000S\000O\000R\000T\000<\000\040\000A\000Q\000I\000D\000a\000t\000a\000\040\000>\000\040\000C\000l\000a\000s\000s\000\040\000T\000e\000m\000p\000l\000a\000t\000e\000\040\000R\000e\000f\000e\000r\000e\000n\000c\000e}{section.12}% 17
\BOOKMARK [3][-]{subsubsection.12.2.1}{\376\377\0001\0002\000.\0002\000.\0001\000\040\000C\000o\000n\000s\000t\000r\000u\000c\000t\000o\000r\000\040\000\046\000\040\000D\000e\000s\000t\000r\000u\000c\000t\000o\000r\000\040\000D\000o\000c\000u\000m\000e\000n\000t\000a\000t\000i\000o\000n}{subsection.12.2}% 18
\BOOKMARK [3][-]{subsubsection.12.2.2}{\376\377\0001\0002\000.\0002\000.\0002\000\040\000M\000e\000m\000b\000e\000r\000\040\000F\000u\000n\000c\000t\000i\000o\000n\000\040\000D\000o\000c\000u\000m\000e\000n\000t\000a\000t\000i\000o\000n}{subsection.12.2}% 19
\BOOKMARK [2][-]{subsection.12.3}{\376\377\0001\0002\000.\0003\000\040\000Q\000U\000I\000C\000K\000S\000O\000R\000T\000<\000\040\000A\000Q\000I\000D\000a\000t\000a\000\040\000>\000\040\000C\000l\000a\000s\000s\000\040\000T\000e\000m\000p\000l\000a\000t\000e\000\040\000R\000e\000f\000e\000r\000e\000n\000c\000e}{section.12}% 20
\BOOKMARK [3][-]{subsubsection.12.3.1}{\376\377\0001\0002\000.\0003\000.\0001\000\040\000M\000e\000m\000b\000e\000r\000\040\000F\000u\000n\000c\000t\000i\000o\000n\000\040\000D\000o\000c\000u\000m\000e\000n\000t\000a\000t\000i\000o\000n}{subsection.12.3}% 21
\BOOKMARK [1][-]{section.13}{\376\377\0001\0003\000\040\000F\000i\000l\000e\000\040\000D\000o\000c\000u\000m\000e\000n\000t\000a\000t\000i\000o\000n}{}% 22
\BOOKMARK [2][-]{subsection.13.1}{\376\377\0001\0003\000.\0001\000\040\000a\000d\000d\000t\000i\000m\000e\000s\000.\000c\000p\000p\000\040\000F\000i\000l\000e\000\040\000R\000e\000f\000e\000r\000e\000n\000c\000e}{section.13}% 23
\BOOKMARK [3][-]{subsubsection.13.1.1}{\376\377\0001\0003\000.\0001\000.\0001\000\040\000F\000u\000n\000c\000t\000i\000o\000n\000\040\000D\000o\000c\000u\000m\000e\000n\000t\000a\000t\000i\000o\000n}{subsection.13.1}% 24
\BOOKMARK [2][-]{subsection.13.2}{\376\377\0001\0003\000.\0002\000\040\000c\000o\000u\000n\000t\000R\000o\000w\000s\000.\000c\000p\000p\000\040\000F\000i\000l\000e\000\040\000R\000e\000f\000e\000r\000e\000n\000c\000e}{section.13}% 25
\BOOKMARK [3][-]{subsubsection.13.2.1}{\376\377\0001\0003\000.\0002\000.\0001\000\040\000F\000u\000n\000c\000t\000i\000o\000n\000\040\000D\000o\000c\000u\000m\000e\000n\000t\000a\000t\000i\000o\000n}{subsection.13.2}% 26
\BOOKMARK [2][-]{subsection.13.3}{\376\377\0001\0003\000.\0003\000\040\000i\000n\000f\000o\000.\000c\000p\000p\000\040\000F\000i\000l\000e\000\040\000R\000e\000f\000e\000r\000e\000n\000c\000e}{section.13}% 27
\BOOKMARK [3][-]{subsubsection.13.3.1}{\376\377\0001\0003\000.\0003\000.\0001\000\040\000F\000u\000n\000c\000t\000i\000o\000n\000\040\000D\000o\000c\000u\000m\000e\000n\000t\000a\000t\000i\000o\000n}{subsection.13.3}% 28
\BOOKMARK [2][-]{subsection.13.4}{\376\377\0001\0003\000.\0004\000\040\000l\000a\000b\000.\000h\000\040\000F\000i\000l\000e\000\040\000R\000e\000f\000e\000r\000e\000n\000c\000e}{section.13}% 29
\BOOKMARK [3][-]{subsubsection.13.4.1}{\376\377\0001\0003\000.\0004\000.\0001\000\040\000F\000u\000n\000c\000t\000i\000o\000n\000\040\000D\000o\000c\000u\000m\000e\000n\000t\000a\000t\000i\000o\000n}{subsection.13.4}% 30
\BOOKMARK [2][-]{subsection.13.5}{\376\377\0001\0003\000.\0005\000\040\000m\000a\000i\000n\000.\000c\000p\000p\000\040\000F\000i\000l\000e\000\040\000R\000e\000f\000e\000r\000e\000n\000c\000e}{section.13}% 31
\BOOKMARK [3][-]{subsubsection.13.5.1}{\376\377\0001\0003\000.\0005\000.\0001\000\040\000F\000u\000n\000c\000t\000i\000o\000n\000\040\000D\000o\000c\000u\000m\000e\000n\000t\000a\000t\000i\000o\000n}{subsection.13.5}% 32
\BOOKMARK [2][-]{subsection.13.6}{\376\377\0001\0003\000.\0006\000\040\000o\000v\000e\000r\000l\000o\000a\000d\000i\000n\000g\000.\000c\000p\000p\000\040\000F\000i\000l\000e\000\040\000R\000e\000f\000e\000r\000e\000n\000c\000e}{section.13}% 33
\BOOKMARK [3][-]{subsubsection.13.6.1}{\376\377\0001\0003\000.\0006\000.\0001\000\040\000F\000u\000n\000c\000t\000i\000o\000n\000\040\000D\000o\000c\000u\000m\000e\000n\000t\000a\000t\000i\000o\000n}{subsection.13.6}% 34
\BOOKMARK [2][-]{subsection.13.7}{\376\377\0001\0003\000.\0007\000\040\000r\000e\000a\000d\000D\000a\000t\000a\000.\000c\000p\000p\000\040\000F\000i\000l\000e\000\040\000R\000e\000f\000e\000r\000e\000n\000c\000e}{section.13}% 35
\BOOKMARK [3][-]{subsubsection.13.7.1}{\376\377\0001\0003\000.\0007\000.\0001\000\040\000F\000u\000n\000c\000t\000i\000o\000n\000\040\000D\000o\000c\000u\000m\000e\000n\000t\000a\000t\000i\000o\000n}{subsection.13.7}% 36
\BOOKMARK [2][-]{subsection.13.8}{\376\377\0001\0003\000.\0008\000\040\000r\000e\000a\000d\000t\000i\000m\000e\000s\000.\000c\000p\000p\000\040\000F\000i\000l\000e\000\040\000R\000e\000f\000e\000r\000e\000n\000c\000e}{section.13}% 37
\BOOKMARK [3][-]{subsubsection.13.8.1}{\376\377\0001\0003\000.\0008\000.\0001\000\040\000F\000u\000n\000c\000t\000i\000o\000n\000\040\000D\000o\000c\000u\000m\000e\000n\000t\000a\000t\000i\000o\000n}{subsection.13.8}% 38
\BOOKMARK [2][-]{subsection.13.9}{\376\377\0001\0003\000.\0009\000\040\000S\000O\000M\000E\000T\000Y\000P\000E\000.\000h\000p\000p\000\040\000F\000i\000l\000e\000\040\000R\000e\000f\000e\000r\000e\000n\000c\000e}{section.13}% 39
\BOOKMARK [3][-]{subsubsection.13.9.1}{\376\377\0001\0003\000.\0009\000.\0001\000\040\000F\000u\000n\000c\000t\000i\000o\000n\000\040\000D\000o\000c\000u\000m\000e\000n\000t\000a\000t\000i\000o\000n}{subsection.13.9}% 40
\BOOKMARK [2][-]{subsection.13.10}{\376\377\0001\0003\000.\0001\0000\000\040\000s\000p\000e\000c\000i\000f\000i\000c\000a\000t\000i\000o\000n\000.\000d\000o\000x\000\040\000F\000i\000l\000e\000\040\000R\000e\000f\000e\000r\000e\000n\000c\000e}{section.13}% 41
